number,value,datetime_start,datetime_complete,duration,params_beta,params_connectivity,params_leaky,params_spectral_radius,state
0,0.346,2026-02-07 11:37:56.486390,2026-02-07 11:37:59.751921,0 days 00:00:03.265531,0.00024262985503685795,0.1253503487279734,0.707131497257335,0.5314322732109044,COMPLETE
1,0.349,2026-02-07 11:37:59.753255,2026-02-07 11:38:03.207766,0 days 00:00:03.454511,1.5412781495004114e-05,0.25716344272071884,0.6326947454697227,0.7563915461986828,COMPLETE
2,0.346,2026-02-07 11:38:03.209327,2026-02-07 11:38:06.344181,0 days 00:00:03.134854,0.00021618261203953774,0.26420425316672436,0.964648098788107,0.6560987867011486,COMPLETE
3,0.344,2026-02-07 11:38:06.345237,2026-02-07 11:38:09.494347,0 days 00:00:03.149110,2.324784621061443e-05,0.07318334184699027,0.8581636020592828,0.6418089855441286,COMPLETE
4,0.362,2026-02-07 11:38:09.495699,2026-02-07 11:38:12.623577,0 days 00:00:03.127878,1.0218589483781247e-05,0.27239778092113837,0.5100537730937468,0.9061806143165079,COMPLETE
5,0.346,2026-02-07 11:38:12.624684,2026-02-07 11:38:15.710903,0 days 00:00:03.086219,0.0008401891913442231,0.3546618429439189,0.6350039865960824,0.8602450708400715,COMPLETE
6,0.334,2026-02-07 11:38:15.712461,2026-02-07 11:38:18.836924,0 days 00:00:03.124463,0.00013947738988072796,0.10261786764344176,0.7880786672089184,0.7901005463232011,COMPLETE
7,0.331,2026-02-07 11:38:18.838354,2026-02-07 11:38:22.084049,0 days 00:00:03.245695,0.0004929664291135948,0.0952792311955382,0.9763745057584925,0.7190914355226374,COMPLETE
8,0.365,2026-02-07 11:38:22.085217,2026-02-07 11:38:25.332923,0 days 00:00:03.247706,6.208854487201745e-05,0.37757836933844424,0.6487184754275668,0.8987609316542138,COMPLETE
9,0.364,2026-02-07 11:38:25.333915,2026-02-07 11:38:28.586934,0 days 00:00:03.253019,0.0002426963138379089,0.6382555821772107,0.7906364363179293,0.9320503273088778,COMPLETE
10,0.338,2026-02-07 11:38:28.588383,2026-02-07 11:38:32.140448,0 days 00:00:03.552065,4.6858213144340174e-05,0.7934875401286318,0.5025178269976446,0.9899017048666354,COMPLETE
11,0.342,2026-02-07 11:38:32.142198,2026-02-07 11:38:35.353311,0 days 00:00:03.211113,5.895296070348522e-05,0.6407060971280643,0.810336193450412,0.9725557836399505,COMPLETE
12,0.339,2026-02-07 11:38:35.358781,2026-02-07 11:38:38.654013,0 days 00:00:03.295232,6.975408471483372e-05,0.5225700287985559,0.6861403923102007,0.8701734851744045,COMPLETE
13,0.382,2026-02-07 11:38:38.655784,2026-02-07 11:38:41.924910,0 days 00:00:03.269126,0.00012302101236344215,0.4482732746243646,0.8697970728249593,0.9213956178646379,COMPLETE
14,0.339,2026-02-07 11:38:41.927255,2026-02-07 11:38:45.217049,0 days 00:00:03.289794,3.1292210096584937e-05,0.4187669524114576,0.9130282475363196,0.8253596739831859,COMPLETE
15,0.34,2026-02-07 11:38:45.218876,2026-02-07 11:38:48.363800,0 days 00:00:03.144924,0.00011162069816947862,0.16629982503941768,0.5782165853684758,0.918668737293299,COMPLETE
16,0.359,2026-02-07 11:38:48.364988,2026-02-07 11:38:51.521621,0 days 00:00:03.156633,9.52945396491838e-05,0.3943523922747514,0.8871734293040123,0.8314506705756346,COMPLETE
17,0.333,2026-02-07 11:38:51.522805,2026-02-07 11:38:54.672669,0 days 00:00:03.149864,3.678426779031718e-05,0.17982834524097985,0.7260954507672515,0.5057812626515913,COMPLETE
18,0.351,2026-02-07 11:38:54.674040,2026-02-07 11:38:57.739637,0 days 00:00:03.065597,0.0004082916142072188,0.8577939139055283,0.8410849532060228,0.7095388396568083,COMPLETE
19,0.35,2026-02-07 11:38:57.740979,2026-02-07 11:39:01.156109,0 days 00:00:03.415130,0.00014315099080566582,0.4857209300074586,0.6531542341636757,0.9449761415938747,COMPLETE
20,0.359,2026-02-07 11:39:01.157687,2026-02-07 11:39:04.238943,0 days 00:00:03.081256,7.71077117590809e-05,0.36720685304262685,0.563580953260137,0.889805195139737,COMPLETE
21,0.335,2026-02-07 11:39:04.240133,2026-02-07 11:39:07.397326,0 days 00:00:03.157193,0.000250030414955396,0.6097650271595761,0.785765831121234,0.935638935430898,COMPLETE
22,0.328,2026-02-07 11:39:07.398809,2026-02-07 11:39:10.530379,0 days 00:00:03.131570,0.00041110712421438294,0.05024510814502818,0.7559336111752881,0.9484122139817781,COMPLETE
23,0.349,2026-02-07 11:39:10.533200,2026-02-07 11:39:13.553235,0 days 00:00:03.020035,0.00015927485254209879,0.6553767348319033,0.920346439704006,0.8264306191230196,COMPLETE
24,0.348,2026-02-07 11:39:13.554648,2026-02-07 11:39:16.756306,0 days 00:00:03.201658,0.0002974716353453446,0.319087585887407,0.8358201847457204,0.8732996934825313,COMPLETE
25,0.332,2026-02-07 11:39:16.757750,2026-02-07 11:39:19.923286,0 days 00:00:03.165536,0.0007324024703707564,0.4892565445992827,0.740915430175957,0.7799077027295696,COMPLETE
26,0.341,2026-02-07 11:39:19.924652,2026-02-07 11:39:22.926914,0 days 00:00:03.002262,0.00010081348015874341,0.20865189797947617,0.6736390602669441,0.966065204500675,COMPLETE
27,0.338,2026-02-07 11:39:22.928094,2026-02-07 11:39:26.110074,0 days 00:00:03.181980,0.0001794142441623244,0.7089013826678456,0.5953394839367375,0.9115840913435298,COMPLETE
28,0.338,2026-02-07 11:39:26.111536,2026-02-07 11:39:29.559598,0 days 00:00:03.448062,5.150435492203464e-05,0.49466247165715005,0.7668096150634065,0.9895654999687327,COMPLETE
29,0.349,2026-02-07 11:39:29.561274,2026-02-07 11:39:32.555202,0 days 00:00:02.993928,0.00028851396228522796,0.319414901443023,0.6878522058796723,0.5691068398677609,COMPLETE
