number,value,datetime_start,datetime_complete,duration,params_beta,params_connectivity,params_leaky,params_spectral_radius,state
0,0.3385,2026-02-03 20:21:47.527047,2026-02-03 20:22:49.799096,0 days 00:01:02.272049,6.838687356454331e-05,0.061366434161646576,0.6463970157202594,0.5746538057869879,COMPLETE
1,0.3667,2026-02-03 20:22:49.804718,2026-02-03 20:23:51.870328,0 days 00:01:02.065610,0.0006176917040796171,0.07307585217369153,0.8020589020104409,0.6875759489873485,COMPLETE
2,0.2654,2026-02-03 20:23:51.872392,2026-02-03 20:24:54.234513,0 days 00:01:02.362121,0.00015291878457879168,0.8200041426329367,0.7734424508347111,0.6346635492351224,COMPLETE
3,0.1798,2026-02-03 20:24:54.240291,2026-02-03 20:25:57.439963,0 days 00:01:03.199672,3.493860293837348e-05,0.6678049438944129,0.7033666729178741,0.7705183555790658,COMPLETE
4,0.1581,2026-02-03 20:25:57.442925,2026-02-03 20:27:01.812526,0 days 00:01:04.369601,0.00010273839283439864,0.1864990065569961,0.7008567676897993,0.6217225978906558,COMPLETE
5,0.3342,2026-02-03 20:27:01.820669,2026-02-03 20:28:05.882220,0 days 00:01:04.061551,0.0003170954759010495,0.12262598850215352,0.6865174319403737,0.7572355167045894,COMPLETE
6,0.4085,2026-02-03 20:28:05.888504,2026-02-03 20:29:09.920324,0 days 00:01:04.031820,1.2513551691368924e-05,0.13110303825530242,0.9620793833103818,0.9225360879495921,COMPLETE
7,0.3156,2026-02-03 20:29:09.924318,2026-02-03 20:30:13.377618,0 days 00:01:03.453300,4.9768205094903065e-05,0.10407837219500472,0.723067756329601,0.5512676654838123,COMPLETE
8,0.4073,2026-02-03 20:30:13.382420,2026-02-03 20:31:17.454957,0 days 00:01:04.072537,0.00026366762388629325,0.42461377522113,0.8402572405714129,0.8049683699973424,COMPLETE
9,0.378,2026-02-03 20:31:17.457183,2026-02-03 20:32:20.571688,0 days 00:01:03.114505,0.0005734156292282596,0.09040762785274,0.670849057432366,0.8313588163159569,COMPLETE
10,0.4038,2026-02-03 20:32:20.576504,2026-02-03 20:33:23.546801,0 days 00:01:02.970297,1.0431290328667083e-05,0.2735036437096704,0.9786696881404262,0.9897216706237029,COMPLETE
11,0.4011,2026-02-03 20:33:23.548476,2026-02-03 20:34:27.636747,0 days 00:01:04.088271,1.7463160148950337e-05,0.37725187108005975,0.9285877740029456,0.9010933534250773,COMPLETE
12,0.4054,2026-02-03 20:34:27.638501,2026-02-03 20:35:31.111477,0 days 00:01:03.472976,0.00020977803537476292,0.3865776633015072,0.8733978417095156,0.8744164629724627,COMPLETE
13,0.4092,2026-02-03 20:35:31.117316,2026-02-03 20:36:34.373155,0 days 00:01:03.255839,2.163971441783091e-05,0.19648643863837062,0.5115948831570827,0.9799545461748053,COMPLETE
14,0.4098,2026-02-03 20:36:34.378886,2026-02-03 20:37:38.046275,0 days 00:01:03.667389,2.251484743848291e-05,0.1612266817218984,0.5198503463425849,0.9873960622081271,COMPLETE
15,0.3897,2026-02-03 20:37:38.051831,2026-02-03 20:38:40.947140,0 days 00:01:02.895309,2.5645729146737227e-05,0.18708939097376517,0.5107448526236658,0.9481583886512751,COMPLETE
16,0.4156,2026-02-03 20:38:40.952423,2026-02-03 20:39:44.184321,0 days 00:01:03.231898,2.274004264809797e-05,0.26419477700541,0.5021667161905764,0.9881538933401318,COMPLETE
17,0.4013,2026-02-03 20:39:44.189110,2026-02-03 20:40:47.450969,0 days 00:01:03.261859,4.612609681464677e-05,0.29009108793880006,0.5834532418723887,0.8430911742672367,COMPLETE
18,0.3994,2026-02-03 20:40:47.453905,2026-02-03 20:41:50.944495,0 days 00:01:03.490590,8.018555262804335e-05,0.05065137070196686,0.5872395306925674,0.9364835028481912,COMPLETE
19,0.1092,2026-02-03 20:41:50.948804,2026-02-03 20:42:54.584363,0 days 00:01:03.635559,3.19534335459916e-05,0.14987230527235704,0.5789529046737188,0.5034600477536753,COMPLETE
20,0.4067,2026-02-03 20:42:54.586125,2026-02-03 20:43:57.371340,0 days 00:01:02.785215,1.6150140795883405e-05,0.268764424305547,0.5471819981276502,0.8725206833871528,COMPLETE
21,0.4111,2026-02-03 20:43:57.377688,2026-02-03 20:45:01.000315,0 days 00:01:03.622627,2.1052475576520802e-05,0.21917972780470946,0.5001268716787016,0.9860131682839448,COMPLETE
22,0.4091,2026-02-03 20:45:01.006494,2026-02-03 20:46:05.130253,0 days 00:01:04.123759,4.321084118784445e-05,0.5126938389551068,0.5090068753409607,0.9805409913500985,COMPLETE
23,0.3988,2026-02-03 20:46:05.135788,2026-02-03 20:47:07.770148,0 days 00:01:02.634360,2.502010521497723e-05,0.24011985171988726,0.6197504975431034,0.9460657121770207,COMPLETE
24,0.3976,2026-02-03 20:47:07.775322,2026-02-03 20:48:10.866556,0 days 00:01:03.091234,1.4088852222931569e-05,0.15944222003486577,0.5507313780417802,0.8934430488558455,COMPLETE
25,0.3761,2026-02-03 20:48:10.871886,2026-02-03 20:49:14.060109,0 days 00:01:03.188223,2.055920968373374e-05,0.30116988189215294,0.6203031537528051,0.7132525715132696,COMPLETE
26,0.381,2026-02-03 20:49:14.063331,2026-02-03 20:50:17.546406,0 days 00:01:03.483075,6.141042896144038e-05,0.216256710534888,0.5500239888223714,0.9575884837893217,COMPLETE
27,0.378,2026-02-03 20:50:17.552242,2026-02-03 20:51:20.133890,0 days 00:01:02.581648,0.00011846212560001993,0.3334104525722379,0.5400093702731246,0.9086727632578921,COMPLETE
28,0.3545,2026-02-03 20:51:20.141156,2026-02-03 20:52:22.516760,0 days 00:01:02.375604,3.2169148973204855e-05,0.49815661652471216,0.5024491949208506,0.8424451226839891,COMPLETE
29,0.342,2026-02-03 20:52:22.523256,2026-02-03 20:53:25.499484,0 days 00:01:02.976228,0.0009703252511552924,0.1548888050573342,0.6391413694807019,0.7888246327045385,COMPLETE
