number,value,datetime_start,datetime_complete,duration,params_beta,params_connectivity,params_leaky,params_spectral_radius,state
0,0.1732,2026-02-03 11:55:28.479782,2026-02-03 11:56:27.109628,0 days 00:00:58.629846,2.2866903294942006e-05,0.12312856051620194,0.8481717444077297,0.6850984012533157,COMPLETE
1,0.2096,2026-02-03 11:56:27.113318,2026-02-03 11:57:26.668926,0 days 00:00:59.555608,8.07967122739543e-05,0.053696815871088655,0.5336248157316243,0.8329024590142979,COMPLETE
2,0.2073,2026-02-03 11:57:26.673433,2026-02-03 11:58:26.004603,0 days 00:00:59.331170,2.715150883792442e-05,0.23578877972106746,0.9483356465201711,0.9852660842243851,COMPLETE
3,0.2316,2026-02-03 11:58:26.007095,2026-02-03 11:59:24.423723,0 days 00:00:58.416628,0.0003286679134316866,0.33987079033179857,0.6316611883685753,0.510118989738207,COMPLETE
4,0.1188,2026-02-03 11:59:24.428902,2026-02-03 12:00:23.729446,0 days 00:00:59.300544,0.00045930049183131634,0.12608944552330253,0.691731947085949,0.7882753856412668,COMPLETE
5,0.1871,2026-02-03 12:00:23.734872,2026-02-03 12:01:20.584418,0 days 00:00:56.849546,0.0003945423870668008,0.30797369157882293,0.9363253277236976,0.6340355970596615,COMPLETE
6,0.1039,2026-02-03 12:01:20.589748,2026-02-03 12:02:18.902770,0 days 00:00:58.313022,2.6978348111289748e-05,0.08550543114597868,0.9763958284859723,0.8368692554300294,COMPLETE
7,0.1325,2026-02-03 12:02:18.908012,2026-02-03 12:03:16.331793,0 days 00:00:57.423781,2.670692917716907e-05,0.7729978014761997,0.8654279033850789,0.6244314048715627,COMPLETE
8,0.2122,2026-02-03 12:03:16.337383,2026-02-03 12:04:14.504758,0 days 00:00:58.167375,7.069210885044554e-05,0.22359037928347364,0.5128313590272657,0.6016603369661436,COMPLETE
9,0.2388,2026-02-03 12:04:14.509569,2026-02-03 12:05:13.789846,0 days 00:00:59.280277,0.0001491312619632369,0.14745357039420445,0.7317877121824053,0.6360380660844186,COMPLETE
10,0.1016,2026-02-03 12:05:13.794604,2026-02-03 12:06:12.243211,0 days 00:00:58.448607,0.00014966542831419886,0.6616125035965554,0.7679940072784431,0.9350161348169047,COMPLETE
11,0.2325,2026-02-03 12:06:12.246737,2026-02-03 12:07:09.517290,0 days 00:00:57.270553,0.0009989382533463044,0.4352491748905955,0.6370415700684267,0.5073088109012454,COMPLETE
12,0.2187,2026-02-03 12:07:09.523073,2026-02-03 12:08:06.888023,0 days 00:00:57.364950,0.0009693403611086004,0.454815899909139,0.6327440838123352,0.5018242201911821,COMPLETE
13,0.1097,2026-02-03 12:08:06.890224,2026-02-03 12:09:07.150628,0 days 00:01:00.260404,0.00017368417630450242,0.13359693086530522,0.7298189587337344,0.5709402616135585,COMPLETE
14,0.2542,2026-02-03 12:09:07.157706,2026-02-03 12:10:06.937022,0 days 00:00:59.779316,0.0009145595933538874,0.48675959162936094,0.5975503448740237,0.7202737085589762,COMPLETE
15,0.1472,2026-02-03 12:10:06.939712,2026-02-03 12:11:05.239452,0 days 00:00:58.299740,5.021020878104843e-05,0.15052886741457044,0.5726984511709361,0.7182113404482867,COMPLETE
16,0.1563,2026-02-03 12:11:05.241131,2026-02-03 12:12:03.559808,0 days 00:00:58.318677,1.3050680361413838e-05,0.07690910349483698,0.7800285293581349,0.6753322924826358,COMPLETE
17,0.2185,2026-02-03 12:12:03.565400,2026-02-03 12:13:02.519646,0 days 00:00:58.954246,0.0002136750374697333,0.578545278076597,0.6935558360656866,0.7843502220155635,COMPLETE
18,0.2252,2026-02-03 12:13:02.525051,2026-02-03 12:14:00.328175,0 days 00:00:57.803124,0.0005564135198470475,0.18302146655844967,0.8382902237594836,0.753999972286307,COMPLETE
19,0.1804,2026-02-03 12:14:00.334127,2026-02-03 12:14:59.595917,0 days 00:00:59.261790,0.00011722715361517365,0.25552011155441007,0.5821282367611269,0.6830014701410323,COMPLETE
20,0.2491,2026-02-03 12:14:59.600719,2026-02-03 12:15:57.762925,0 days 00:00:58.162206,0.000246182622527795,0.89145632525042,0.684968553492564,0.5704870895940755,COMPLETE
21,0.2175,2026-02-03 12:15:57.768420,2026-02-03 12:16:54.929633,0 days 00:00:57.161213,0.00026362602452453826,0.8985951046904479,0.6870511801654686,0.562418698442631,COMPLETE
22,0.1089,2026-02-03 12:16:54.934518,2026-02-03 12:17:52.068930,0 days 00:00:57.134412,0.0006884462169321322,0.5342421061215206,0.5832109633084227,0.5664845408493272,COMPLETE
23,0.1627,2026-02-03 12:17:52.073813,2026-02-03 12:18:50.679111,0 days 00:00:58.605298,5.0875546090326574e-05,0.3744144764877672,0.7243660097136323,0.6704653549816381,COMPLETE
24,0.1601,2026-02-03 12:18:50.683693,2026-02-03 12:19:46.969095,0 days 00:00:56.285402,0.0002773476051153624,0.7371995890495725,0.806749757882959,0.7344027763201193,COMPLETE
25,0.1828,2026-02-03 12:19:46.974990,2026-02-03 12:20:44.388873,0 days 00:00:57.413883,0.00011409376926679083,0.8788725330336334,0.6195780849631319,0.6237745528113948,COMPLETE
26,0.2259,2026-02-03 12:20:44.393896,2026-02-03 12:21:44.444248,0 days 00:01:00.050352,0.0006470109455475645,0.1657351402214397,0.6635041867082647,0.5971108392263806,COMPLETE
27,0.1617,2026-02-03 12:21:44.449314,2026-02-03 12:22:43.534750,0 days 00:00:59.085436,0.00019523384892773763,0.1016997944841068,0.7413827670234322,0.5388374807788829,COMPLETE
28,0.1225,2026-02-03 12:22:43.539422,2026-02-03 12:23:41.961632,0 days 00:00:58.422210,0.00014499007103433426,0.5916851993612774,0.6659757615965735,0.647216542302601,COMPLETE
29,0.2104,2026-02-03 12:23:41.966106,2026-02-03 12:24:38.845342,0 days 00:00:56.879236,0.00039405256487388653,0.276606171557882,0.89159348916911,0.7105679006175731,COMPLETE
