number,value,datetime_start,datetime_complete,duration,params_beta,params_connectivity,params_leaky,params_spectral_radius,state
0,0.35,2026-02-06 16:56:48.264557,2026-02-06 16:56:51.204359,0 days 00:00:02.939802,6.838687356454331e-05,0.061366434161646576,0.6463970157202594,0.5746538057869879,COMPLETE
1,0.372,2026-02-06 16:56:51.205262,2026-02-06 16:56:53.603643,0 days 00:00:02.398381,0.0006176917040796171,0.07307585217369153,0.8020589020104409,0.6875759489873485,COMPLETE
2,0.364,2026-02-06 16:56:53.604354,2026-02-06 16:56:56.858519,0 days 00:00:03.254165,0.00015291878457879168,0.8200041426329367,0.7734424508347111,0.6346635492351224,COMPLETE
3,0.351,2026-02-06 16:56:56.859727,2026-02-06 16:57:00.870285,0 days 00:00:04.010558,3.493860293837348e-05,0.6678049438944129,0.7033666729178741,0.7705183555790658,COMPLETE
4,0.33,2026-02-06 16:57:00.871408,2026-02-06 16:57:04.686563,0 days 00:00:03.815155,0.00010273839283439864,0.1864990065569961,0.7008567676897993,0.6217225978906558,COMPLETE
5,0.383,2026-02-06 16:57:04.687767,2026-02-06 16:57:08.593119,0 days 00:00:03.905352,0.0003170954759010495,0.12262598850215352,0.6865174319403737,0.7572355167045894,COMPLETE
6,0.392,2026-02-06 16:57:08.594249,2026-02-06 16:57:12.701843,0 days 00:00:04.107594,1.2513551691368924e-05,0.13110303825530242,0.9620793833103818,0.9225360879495921,COMPLETE
7,0.345,2026-02-06 16:57:12.703577,2026-02-06 16:57:16.654342,0 days 00:00:03.950765,4.9768205094903065e-05,0.10407837219500472,0.723067756329601,0.5512676654838123,COMPLETE
8,0.377,2026-02-06 16:57:16.656964,2026-02-06 16:57:20.607992,0 days 00:00:03.951028,0.00026366762388629325,0.42461377522113,0.8402572405714129,0.8049683699973424,COMPLETE
9,0.382,2026-02-06 16:57:20.610767,2026-02-06 16:57:24.408565,0 days 00:00:03.797798,0.0005734156292282596,0.09040762785274,0.670849057432366,0.8313588163159569,COMPLETE
10,0.383,2026-02-06 16:57:24.410137,2026-02-06 16:57:28.137096,0 days 00:00:03.726959,1.0431290328667083e-05,0.2735036437096704,0.9786696881404262,0.9897216706237029,COMPLETE
11,0.378,2026-02-06 16:57:28.138668,2026-02-06 16:57:31.865236,0 days 00:00:03.726568,1.0221135768868972e-05,0.14437184887894322,0.5028753137569386,0.9095549476726392,COMPLETE
12,0.396,2026-02-06 16:57:31.869842,2026-02-06 16:57:35.611883,0 days 00:00:03.742041,2.5683776632126676e-05,0.13126743679908134,0.9946627462318148,0.9037249048571537,COMPLETE
13,0.371,2026-02-06 16:57:35.613330,2026-02-06 16:57:39.324090,0 days 00:00:03.710760,2.1765191178846756e-05,0.2597123625939674,0.9980596709071934,0.9043965422593725,COMPLETE
14,0.402,2026-02-06 16:57:39.325728,2026-02-06 16:57:43.087896,0 days 00:00:03.762168,2.251484743848291e-05,0.051131639657370144,0.909897508909109,0.9873960622081271,COMPLETE
15,0.4,2026-02-06 16:57:43.090534,2026-02-06 16:57:47.201828,0 days 00:00:04.111294,2.6180696647919375e-05,0.05460954753134444,0.8843761004668298,0.9481583886512751,COMPLETE
16,0.411,2026-02-06 16:57:47.204412,2026-02-06 16:57:51.005463,0 days 00:00:03.801051,2.069183008250069e-05,0.057241306564918944,0.8931008110289989,0.9865134325305484,COMPLETE
17,0.386,2026-02-06 16:57:51.008010,2026-02-06 16:57:54.714707,0 days 00:00:03.706697,1.801264569460563e-05,0.05244988550087114,0.9016139186453114,0.9854113046821947,COMPLETE
18,0.385,2026-02-06 16:57:54.719565,2026-02-06 16:57:58.538846,0 days 00:00:03.819281,5.227870229126031e-05,0.08802633204952089,0.9133340300435259,0.8638855089891677,COMPLETE
19,0.361,2026-02-06 16:57:58.540433,2026-02-06 16:58:02.352604,0 days 00:00:03.812171,3.811348164485341e-05,0.07624592415190508,0.848671515579681,0.5034600477536753,COMPLETE
20,0.371,2026-02-06 16:58:02.354028,2026-02-06 16:58:06.124665,0 days 00:00:03.770637,9.595681825740485e-05,0.37881072372374713,0.932744873734252,0.8528794164558515,COMPLETE
21,0.369,2026-02-06 16:58:06.126554,2026-02-06 16:58:09.932091,0 days 00:00:03.805537,1.7102804253054596e-05,0.05054890086934037,0.8629217208043466,0.9545496174671728,COMPLETE
22,0.389,2026-02-06 16:58:09.936852,2026-02-06 16:58:13.659434,0 days 00:00:03.722582,3.050277371301984e-05,0.06366378420823962,0.8813202788609177,0.9546100774773125,COMPLETE
23,0.382,2026-02-06 16:58:13.661678,2026-02-06 16:58:17.446697,0 days 00:00:03.785019,1.6609058476839666e-05,0.05041075567547053,0.8093556485091489,0.9431690135034333,COMPLETE
24,0.378,2026-02-06 16:58:17.447994,2026-02-06 16:58:21.507168,0 days 00:00:04.059174,2.4734792182634338e-05,0.06781223197572385,0.9393764723916412,0.9888185742440604,COMPLETE
25,0.383,2026-02-06 16:58:21.512786,2026-02-06 16:58:25.314117,0 days 00:00:03.801331,4.2721688675715114e-05,0.08705417018916156,0.6004148789504823,0.8691435246010959,COMPLETE
26,0.379,2026-02-06 16:58:25.316846,2026-02-06 16:58:29.102405,0 days 00:00:03.785559,6.750467195830623e-05,0.19434539898296355,0.7565548894134919,0.706709940614968,COMPLETE
27,0.396,2026-02-06 16:58:29.104832,2026-02-06 16:58:32.920479,0 days 00:00:03.815647,1.6274519509011768e-05,0.060861015179051736,0.8164560575216788,0.8060583257214702,COMPLETE
28,0.373,2026-02-06 16:58:32.922698,2026-02-06 16:58:36.738642,0 days 00:00:03.815944,2.9659735603158513e-05,0.1036862709453629,0.8999493610639284,0.9416940913897989,COMPLETE
29,0.39,2026-02-06 16:58:36.744003,2026-02-06 16:58:40.492123,0 days 00:00:03.748120,0.0009703252511552924,0.060059277616804206,0.9503700766473291,0.9624910025867034,COMPLETE
