number,value,datetime_start,datetime_complete,duration,params_beta,params_connectivity,params_leaky,params_spectral_radius,state
0,0.335,2026-02-07 11:07:06.724503,2026-02-07 11:07:11.983616,0 days 00:00:05.259113,2.2866903294942006e-05,0.12312856051620194,0.8481717444077297,0.6850984012533157,COMPLETE
1,0.343,2026-02-07 11:07:11.987512,2026-02-07 11:07:16.912880,0 days 00:00:04.925368,8.07967122739543e-05,0.053696815871088655,0.5336248157316243,0.8329024590142979,COMPLETE
2,0.336,2026-02-07 11:07:16.917726,2026-02-07 11:07:22.130824,0 days 00:00:05.213098,2.715150883792442e-05,0.23578877972106746,0.9483356465201711,0.9852660842243851,COMPLETE
3,0.337,2026-02-07 11:07:22.135634,2026-02-07 11:07:27.049215,0 days 00:00:04.913581,0.0003286679134316866,0.33987079033179857,0.6316611883685753,0.510118989738207,COMPLETE
4,0.359,2026-02-07 11:07:27.053045,2026-02-07 11:07:31.996467,0 days 00:00:04.943422,0.00045930049183131634,0.12608944552330253,0.691731947085949,0.7882753856412668,COMPLETE
5,0.331,2026-02-07 11:07:32.001116,2026-02-07 11:07:37.122995,0 days 00:00:05.121879,0.0003945423870668008,0.30797369157882293,0.9363253277236976,0.6340355970596615,COMPLETE
6,0.345,2026-02-07 11:07:37.127765,2026-02-07 11:07:42.220302,0 days 00:00:05.092537,2.6978348111289748e-05,0.08550543114597868,0.9763958284859723,0.8368692554300294,COMPLETE
7,0.318,2026-02-07 11:07:42.225069,2026-02-07 11:07:47.376221,0 days 00:00:05.151152,2.670692917716907e-05,0.7729978014761997,0.8654279033850789,0.6244314048715627,COMPLETE
8,0.332,2026-02-07 11:07:47.380822,2026-02-07 11:07:52.453542,0 days 00:00:05.072720,7.069210885044554e-05,0.22359037928347364,0.5128313590272657,0.6016603369661436,COMPLETE
9,0.347,2026-02-07 11:07:52.458083,2026-02-07 11:07:57.693003,0 days 00:00:05.234920,0.0001491312619632369,0.14745357039420445,0.7317877121824053,0.6360380660844186,COMPLETE
10,0.334,2026-02-07 11:07:57.697534,2026-02-07 11:08:03.021001,0 days 00:00:05.323467,0.0007439389666461774,0.6616125035965554,0.709877942860982,0.8007705014875411,COMPLETE
11,0.333,2026-02-07 11:08:03.025717,2026-02-07 11:08:08.152604,0 days 00:00:05.126887,0.00020365351203534824,0.12921352981971268,0.7175981297140362,0.7364118130814881,COMPLETE
12,0.339,2026-02-07 11:08:08.157277,2026-02-07 11:08:13.634758,0 days 00:00:05.477481,0.0001589900503952814,0.12606168435888243,0.6327440838123352,0.9298538374253088,COMPLETE
13,0.331,2026-02-07 11:08:13.636752,2026-02-07 11:08:18.805469,0 days 00:00:05.168717,0.0004129642686964334,0.0730951279679217,0.8026155839243228,0.5309645830750758,COMPLETE
14,0.356,2026-02-07 11:08:18.810893,2026-02-07 11:08:24.113475,0 days 00:00:05.302582,0.0009145595933538874,0.16089210015747596,0.6553113517715548,0.71098643402906,COMPLETE
15,0.322,2026-02-07 11:08:24.118877,2026-02-07 11:08:29.319599,0 days 00:00:05.200722,0.000970395057042815,0.4760876108757588,0.6299760502871403,0.7515856872087899,COMPLETE
16,0.31,2026-02-07 11:08:29.324720,2026-02-07 11:08:34.643201,0 days 00:00:05.318481,0.0006090296265991709,0.1594977616676469,0.5874055305034602,0.8914921922740757,COMPLETE
17,0.336,2026-02-07 11:08:34.648594,2026-02-07 11:08:39.734627,0 days 00:00:05.086033,0.0005233904777212566,0.08409239127892558,0.6693673416015367,0.7197394921564605,COMPLETE
18,0.337,2026-02-07 11:08:39.739706,2026-02-07 11:08:44.926477,0 days 00:00:05.186771,0.00024560658779673706,0.17835370731105835,0.7748538879660383,0.798333639480422,COMPLETE
19,0.327,2026-02-07 11:08:44.931568,2026-02-07 11:08:50.192853,0 days 00:00:05.261285,1.041312745248593e-05,0.3553210946979739,0.5593010448153192,0.672168467813726,COMPLETE
20,0.324,2026-02-07 11:08:50.197810,2026-02-07 11:08:55.343169,0 days 00:00:05.145359,0.0009485980400115493,0.09694449190214072,0.6732738260689728,0.57422156114347,COMPLETE
21,0.336,2026-02-07 11:08:55.347911,2026-02-07 11:09:00.619571,0 days 00:00:05.271660,0.00012182345492053671,0.16934915821439742,0.7335420690422804,0.6777557712867256,COMPLETE
22,0.324,2026-02-07 11:09:00.624325,2026-02-07 11:09:05.750912,0 days 00:00:05.126587,0.00026710758439273477,0.10868868647017897,0.7897595603966341,0.7711395887651428,COMPLETE
23,0.334,2026-02-07 11:09:05.755621,2026-02-07 11:09:10.710533,0 days 00:00:04.954912,0.0005680219783019638,0.05876723482756363,0.6975329892558657,0.6992613799470376,COMPLETE
24,0.337,2026-02-07 11:09:10.715471,2026-02-07 11:09:15.870931,0 days 00:00:05.155460,5.465564959523142e-05,0.26438973197333104,0.7579711323557662,0.5646724427980894,COMPLETE
25,0.328,2026-02-07 11:09:15.874280,2026-02-07 11:09:20.971219,0 days 00:00:05.096939,0.00014888479734322764,0.1599193648766075,0.5921732700802818,0.6381478509151618,COMPLETE
26,0.341,2026-02-07 11:09:20.974021,2026-02-07 11:09:26.080636,0 days 00:00:05.106615,5.045918218516317e-05,0.20566188056092571,0.6772403160879528,0.8947742048187519,COMPLETE
27,0.357,2026-02-07 11:09:26.085219,2026-02-07 11:09:31.257843,0 days 00:00:05.172624,0.00042615530935374564,0.14904305963098083,0.8131631798243522,0.7854108141182949,COMPLETE
28,0.354,2026-02-07 11:09:31.262468,2026-02-07 11:09:36.456672,0 days 00:00:05.194204,0.0007488551496755519,0.06882328316128829,0.8246930391857997,0.8399503537760767,COMPLETE
29,0.333,2026-02-07 11:09:36.461346,2026-02-07 11:09:41.573670,0 days 00:00:05.112324,0.00036483461985683315,0.11565320175236912,0.8692866021377237,0.7871057684763315,COMPLETE
