number,value,datetime_start,datetime_complete,duration,params_beta,params_connectivity,params_leaky,params_spectral_radius,state
0,0.70275,2026-02-02 14:26:31.807866,2026-02-02 14:26:58.765958,0 days 00:00:26.958092,0.0007773257722009312,0.1594630340844999,0.9646457086513569,0.5488113158084229,COMPLETE
1,0.7246666666666667,2026-02-02 14:26:58.770603,2026-02-02 14:27:25.910636,0 days 00:00:27.140033,2.9207087958233104e-05,0.6171845562727462,0.727081198453776,0.6600834320664475,COMPLETE
2,0.71075,2026-02-02 14:27:25.915255,2026-02-02 14:27:52.716691,0 days 00:00:26.801436,7.204294288073695e-05,0.29531850127308196,0.5165372957377528,0.5076469715789458,COMPLETE
3,0.717,2026-02-02 14:27:52.720830,2026-02-02 14:28:20.155253,0 days 00:00:27.434423,3.209093622527103e-05,0.060872553171663075,0.6259704941230464,0.6083688485195811,COMPLETE
4,0.7190833333333333,2026-02-02 14:28:20.159573,2026-02-02 14:28:47.071482,0 days 00:00:26.911909,0.0001725681006126806,0.07302642372267676,0.5060181114488271,0.5565873055979865,COMPLETE
5,0.7135833333333333,2026-02-02 14:28:47.076347,2026-02-02 14:29:14.470055,0 days 00:00:27.393708,2.117916589137707e-05,0.8354626538818156,0.995172500780447,0.7004365067328002,COMPLETE
6,0.8099166666666666,2026-02-02 14:29:14.475738,2026-02-02 14:29:41.196709,0 days 00:00:26.720971,1.3508540037207776e-05,0.3168035763767218,0.7451526732743685,0.9848107908693714,COMPLETE
7,0.7331666666666666,2026-02-02 14:29:41.201866,2026-02-02 14:30:08.864177,0 days 00:00:27.662311,0.00021135335349261008,0.48099732354850483,0.644199248665747,0.6182951238375213,COMPLETE
8,0.74675,2026-02-02 14:30:08.868194,2026-02-02 14:30:35.307112,0 days 00:00:26.438918,7.04981916225078e-05,0.10182310937672585,0.8329295587795938,0.7534811734291215,COMPLETE
9,0.7634166666666666,2026-02-02 14:30:35.309422,2026-02-02 14:31:03.480861,0 days 00:00:28.171439,6.75637488166513e-05,0.24845878633720705,0.6435257599598149,0.8462216060737597,COMPLETE
10,0.7995833333333333,2026-02-02 14:31:03.482773,2026-02-02 14:31:30.440260,0 days 00:00:26.957487,1.0433715989633415e-05,0.38125077886165976,0.8308217925250665,0.9817386988248361,COMPLETE
11,0.7930833333333334,2026-02-02 14:31:30.446118,2026-02-02 14:31:58.410198,0 days 00:00:27.964080,1.1536169707188475e-05,0.3689018815684973,0.8464676983445769,0.9849741749293143,COMPLETE
12,0.7855,2026-02-02 14:31:58.416449,2026-02-02 14:32:25.285963,0 days 00:00:26.869514,1.122541149094376e-05,0.1715785793010444,0.8154876720777586,0.9721145275906097,COMPLETE
13,0.7915,2026-02-02 14:32:25.291137,2026-02-02 14:32:53.195983,0 days 00:00:27.904846,1.6907440224391946e-05,0.40992164257158853,0.740869726030036,0.8896679425317612,COMPLETE
14,0.753,2026-02-02 14:32:53.201091,2026-02-02 14:33:19.781876,0 days 00:00:26.580785,3.677080825751093e-05,0.22697306430644795,0.9023343934963463,0.8894705891475925,COMPLETE
15,0.7651666666666667,2026-02-02 14:33:19.787164,2026-02-02 14:33:47.576611,0 days 00:00:27.789447,1.0030991269150905e-05,0.6226227474449342,0.7688605946315866,0.826241821621297,COMPLETE
16,0.77,2026-02-02 14:33:47.582067,2026-02-02 14:34:14.799000,0 days 00:00:27.216933,0.0004722867437371452,0.1309067317147799,0.6979934729298063,0.9239890697050902,COMPLETE
17,0.7378333333333333,2026-02-02 14:34:14.800437,2026-02-02 14:34:42.524601,0 days 00:00:27.724164,1.8420731632798213e-05,0.3115755214057611,0.910704631030288,0.7937223210669189,COMPLETE
18,0.7893333333333333,2026-02-02 14:34:42.530787,2026-02-02 14:35:09.510683,0 days 00:00:26.979896,0.00014352138578803137,0.5545629469675782,0.7871138819276777,0.9370087322881913,COMPLETE
19,0.7645,2026-02-02 14:35:09.514976,2026-02-02 14:35:36.355486,0 days 00:00:26.840510,4.7284698384468776e-05,0.7960272237270389,0.8930088241642933,0.8909513350547792,COMPLETE
20,0.7929166666666667,2026-02-02 14:35:36.360478,2026-02-02 14:36:03.541354,0 days 00:00:27.180876,1.8576149877745665e-05,0.1887295501352894,0.5707229771865073,0.9470005315091258,COMPLETE
21,0.7803333333333333,2026-02-02 14:36:03.545596,2026-02-02 14:36:30.687546,0 days 00:00:27.141950,1.2268466966427952e-05,0.36789806138879194,0.8547264423224825,0.9869588093382643,COMPLETE
22,0.7703333333333333,2026-02-02 14:36:30.691527,2026-02-02 14:36:58.006377,0 days 00:00:27.314850,1.4840520535638771e-05,0.35931435101381587,0.8646900236230654,0.9885604228387966,COMPLETE
23,0.7599166666666667,2026-02-02 14:36:58.010120,2026-02-02 14:37:25.697996,0 days 00:00:27.687876,2.4028916429512955e-05,0.2630806215728393,0.8052841961676563,0.8511130659300437,COMPLETE
24,0.7784166666666666,2026-02-02 14:37:25.699765,2026-02-02 14:37:52.932034,0 days 00:00:27.232269,4.48660850060765e-05,0.43915183782450207,0.7056623904860871,0.9155896726243355,COMPLETE
25,0.7956666666666666,2026-02-02 14:37:52.938053,2026-02-02 14:38:20.075022,0 days 00:00:27.136969,1.089076996627253e-05,0.33427355983756984,0.7655344515169498,0.9436210692674777,COMPLETE
26,0.771,2026-02-02 14:38:20.080879,2026-02-02 14:38:47.736182,0 days 00:00:27.655303,1.4467965763045977e-05,0.20907076915826373,0.7640937486479573,0.9495923826088633,COMPLETE
27,0.7606666666666667,2026-02-02 14:38:47.743103,2026-02-02 14:39:14.411868,0 days 00:00:26.668765,0.00032072429015057575,0.5101964848047341,0.6768230774393464,0.798025181597084,COMPLETE
28,0.7769166666666667,2026-02-02 14:39:14.416757,2026-02-02 14:39:42.235396,0 days 00:00:27.818639,2.650794713038541e-05,0.320787404948417,0.7438578532949409,0.8624704977058679,COMPLETE
29,0.778,2026-02-02 14:39:42.243790,2026-02-02 14:40:09.772937,0 days 00:00:27.529147,0.00010694126343997841,0.1417665212504695,0.7908832545325039,0.9092459131599806,COMPLETE
