number,value,datetime_start,datetime_complete,duration,params_beta,params_connectivity,params_leaky,params_spectral_radius,state
0,0.7786666666666666,2026-02-03 01:44:22.366296,2026-02-03 01:44:44.011391,0 days 00:00:21.645095,6.838687356454331e-05,0.061366434161646576,0.6463970157202594,0.5746538057869879,COMPLETE
1,0.79425,2026-02-03 01:44:44.019150,2026-02-03 01:45:05.486660,0 days 00:00:21.467510,0.0006176917040796171,0.07307585217369153,0.8020589020104409,0.6875759489873485,COMPLETE
2,0.8005833333333333,2026-02-03 01:45:05.492628,2026-02-03 01:45:27.860625,0 days 00:00:22.367997,0.00015291878457879168,0.8200041426329367,0.7734424508347111,0.6346635492351224,COMPLETE
3,0.8041666666666667,2026-02-03 01:45:27.873048,2026-02-03 01:45:49.750735,0 days 00:00:21.877687,3.493860293837348e-05,0.6678049438944129,0.7033666729178741,0.7705183555790658,COMPLETE
4,0.79975,2026-02-03 01:45:49.758531,2026-02-03 01:46:11.576708,0 days 00:00:21.818177,0.00010273839283439864,0.1864990065569961,0.7008567676897993,0.6217225978906558,COMPLETE
5,0.7960833333333334,2026-02-03 01:46:11.583074,2026-02-03 01:46:33.510341,0 days 00:00:21.927267,0.0003170954759010495,0.12262598850215352,0.6865174319403737,0.7572355167045894,COMPLETE
6,0.8070833333333334,2026-02-03 01:46:33.512991,2026-02-03 01:46:55.398435,0 days 00:00:21.885444,1.2513551691368924e-05,0.13110303825530242,0.9620793833103818,0.9225360879495921,COMPLETE
7,0.79275,2026-02-03 01:46:55.400318,2026-02-03 01:47:17.437187,0 days 00:00:22.036869,4.9768205094903065e-05,0.10407837219500472,0.723067756329601,0.5512676654838123,COMPLETE
8,0.8263333333333334,2026-02-03 01:47:17.444567,2026-02-03 01:47:38.978113,0 days 00:00:21.533546,0.00026366762388629325,0.42461377522113,0.8402572405714129,0.8049683699973424,COMPLETE
9,0.8063333333333333,2026-02-03 01:47:38.985568,2026-02-03 01:48:00.908781,0 days 00:00:21.923213,0.0005734156292282596,0.09040762785274,0.670849057432366,0.8313588163159569,COMPLETE
10,0.8234166666666667,2026-02-03 01:48:00.911088,2026-02-03 01:48:23.485754,0 days 00:00:22.574666,0.00020447637589683025,0.40318243933568576,0.9039716527705206,0.9897216706237029,COMPLETE
11,0.81475,2026-02-03 01:48:23.487887,2026-02-03 01:48:45.315380,0 days 00:00:21.827493,0.00021536563870663068,0.3833222313066329,0.8992619303631443,0.9701101160112846,COMPLETE
12,0.8186666666666667,2026-02-03 01:48:45.324613,2026-02-03 01:49:07.223491,0 days 00:00:21.898878,0.00032704001535246427,0.36170757231065676,0.8584831477667791,0.8786027538145935,COMPLETE
13,0.80925,2026-02-03 01:49:07.229834,2026-02-03 01:49:29.604611,0 days 00:00:22.374777,0.00015453090301928776,0.3762596770071126,0.5115948831570827,0.9879467463473092,COMPLETE
14,0.8214166666666667,2026-02-03 01:49:29.611342,2026-02-03 01:49:52.305083,0 days 00:00:22.693741,0.0008589457476137613,0.24825060821718142,0.964479046469574,0.8501362191467925,COMPLETE
15,0.8136666666666666,2026-02-03 01:49:52.312784,2026-02-03 01:50:14.187692,0 days 00:00:21.874908,0.0003656012596031923,0.5989455855566175,0.8677478833139651,0.8051297690373633,COMPLETE
16,0.81075,2026-02-03 01:50:14.196723,2026-02-03 01:50:36.204396,0 days 00:00:22.007673,2.274004264809797e-05,0.24678919423418927,0.9959449615143268,0.7029506342502166,COMPLETE
17,0.8223333333333334,2026-02-03 01:50:36.206172,2026-02-03 01:50:58.404214,0 days 00:00:22.198042,9.493043002398384e-05,0.5002466563559603,0.8198877413520897,0.9066304356297696,COMPLETE
18,0.8296666666666667,2026-02-03 01:50:58.407668,2026-02-03 01:51:20.155298,0 days 00:00:21.747630,0.00018807938352203166,0.186168408037619,0.9114637960296885,0.9433013886380573,COMPLETE
19,0.7991666666666667,2026-02-03 01:51:20.161995,2026-02-03 01:51:42.169185,0 days 00:00:22.007190,0.0004088353471293493,0.18302807327528225,0.9138152613300138,0.5034600477536753,COMPLETE
20,0.7959166666666667,2026-02-03 01:51:42.176002,2026-02-03 01:52:04.804932,0 days 00:00:22.628930,0.0009473505356426697,0.27290558016709093,0.5803207297490645,0.9309117386933357,COMPLETE
21,0.8314166666666667,2026-02-03 01:52:04.810860,2026-02-03 01:52:26.807574,0 days 00:00:21.996714,0.00015732723101630216,0.4681249124448692,0.9252563291324225,0.959684064081373,COMPLETE
22,0.8230833333333333,2026-02-03 01:52:26.814887,2026-02-03 01:52:48.984050,0 days 00:00:22.169163,0.0002135822832591909,0.15176494115796302,0.8395744602099224,0.8789186889652959,COMPLETE
23,0.8196666666666667,2026-02-03 01:52:48.990025,2026-02-03 01:53:11.412144,0 days 00:00:22.422119,9.102009475061215e-05,0.31187616111681155,0.936872661892749,0.9334011025125131,COMPLETE
24,0.8009166666666667,2026-02-03 01:53:11.413585,2026-02-03 01:53:33.941445,0 days 00:00:22.527860,0.0001249290429818388,0.49493645301626593,0.7698655933790843,0.793593016654309,COMPLETE
25,0.80925,2026-02-03 01:53:33.944233,2026-02-03 01:53:56.184812,0 days 00:00:22.240579,5.998627114521019e-05,0.2081151654078744,0.8851620964554759,0.7132525715132696,COMPLETE
26,0.814,2026-02-03 01:53:56.190764,2026-02-03 01:54:17.911460,0 days 00:00:21.720696,0.00026178627036563403,0.8684151574444868,0.9955627900148997,0.8584921209213465,COMPLETE
27,0.8248333333333333,2026-02-03 01:54:17.914447,2026-02-03 01:54:40.490737,0 days 00:00:22.576290,0.0004968534752885574,0.5381703931955248,0.9342215433136902,0.9509042306918365,COMPLETE
28,0.8065,2026-02-03 01:54:40.496032,2026-02-03 01:55:03.356980,0 days 00:00:22.860948,0.00015417555033831975,0.2990110600350991,0.795598961919045,0.8861528291515277,COMPLETE
29,0.823,2026-02-03 01:55:03.364981,2026-02-03 01:55:25.431165,0 days 00:00:22.066184,6.908495953525471e-05,0.7420371701471332,0.8334728009397149,0.8269987444889915,COMPLETE
